<?xml version="1.0" encoding="UTF-8"?>
<!-- Generated by org.testng.reporters.JUnitXMLReporter -->
<testsuite ignored="2" hostname="MSHAH2-WLT" failures="0" tests="4" name="Test" time="0.073" errors="0" timestamp="2020-04-27T17:18:12 PDT">
  <testcase classname="com.base.BaseTest" name="@BeforeSuite beforeSuite" time="1.979">
    <failure type="org.openqa.selenium.SessionNotCreatedException" message="session not created: This version of ChromeDriver only supports Chrome version 78
Build info: version: &amp;apos;3.10.0&amp;apos;, revision: &amp;apos;176b4a9&amp;apos;, time: &amp;apos;2018-03-02T19:11:12.151Z&amp;apos;
System info: host: &amp;apos;MSHAH2-WLT&amp;apos;, ip: &amp;apos;192.168.29.216&amp;apos;, os.name: &amp;apos;Windows 10&amp;apos;, os.arch: &amp;apos;amd64&amp;apos;, os.version: &amp;apos;10.0&amp;apos;, java.version: &amp;apos;10.0.2&amp;apos;
Driver info: driver.version: WebUIDriver
remote stacktrace: Backtrace:
	Ordinal0 [0x00A0A923+1550627]
	Ordinal0 [0x0098A731+1025841]
	Ordinal0 [0x0090C715+509717]
	Ordinal0 [0x0089FC68+64616]
	Ordinal0 [0x0089C594+50580]
	Ordinal0 [0x008BACE7+175335]
	Ordinal0 [0x008BA8ED+174317]
	Ordinal0 [0x008B8CDB+167131]
	Ordinal0 [0x008A144A+70730]
	Ordinal0 [0x008A24D0+74960]
	Ordinal0 [0x008A2469+74857]
	Ordinal0 [0x009A42F7+1131255]
	GetHandleVerifier [0x00AA711D+523789]
	GetHandleVerifier [0x00AA6EB0+523168]
	GetHandleVerifier [0x00AAE207+552695]
	GetHandleVerifier [0x00AA791A+525834]
	Ordinal0 [0x0099B82C+1095724]
	Ordinal0 [0x009A636B+1139563]
	Ordinal0 [0x009A64D3+1139923]
	Ordinal0 [0x009A5455+1135701]
	BaseThreadInitThunk [0x755E6359+25]
	RtlGetAppContainerNamedObjectPath [0x776D7C14+228]
	RtlGetAppContainerNamedObjectPath [0x776D7BE4+180]
">
      <![CDATA[org.openqa.selenium.SessionNotCreatedException: session not created: This version of ChromeDriver only supports Chrome version 78
Build info: version: '3.10.0', revision: '176b4a9', time: '2018-03-02T19:11:12.151Z'
System info: host: 'MSHAH2-WLT', ip: '192.168.29.216', os.name: 'Windows 10', os.arch: 'amd64', os.version: '10.0', java.version: '10.0.2'
Driver info: driver.version: WebUIDriver
remote stacktrace: Backtrace:
Ordinal0 [0x00A0A923+1550627]
Ordinal0 [0x0098A731+1025841]
Ordinal0 [0x0090C715+509717]
Ordinal0 [0x0089FC68+64616]
Ordinal0 [0x0089C594+50580]
Ordinal0 [0x008BACE7+175335]
Ordinal0 [0x008BA8ED+174317]
Ordinal0 [0x008B8CDB+167131]
Ordinal0 [0x008A144A+70730]
Ordinal0 [0x008A24D0+74960]
Ordinal0 [0x008A2469+74857]
Ordinal0 [0x009A42F7+1131255]
GetHandleVerifier [0x00AA711D+523789]
GetHandleVerifier [0x00AA6EB0+523168]
GetHandleVerifier [0x00AAE207+552695]
GetHandleVerifier [0x00AA791A+525834]
Ordinal0 [0x0099B82C+1095724]
Ordinal0 [0x009A636B+1139563]
Ordinal0 [0x009A64D3+1139923]
Ordinal0 [0x009A5455+1135701]
BaseThreadInitThunk [0x755E6359+25]
RtlGetAppContainerNamedObjectPath [0x776D7C14+228]
RtlGetAppContainerNamedObjectPath [0x776D7BE4+180]

at org.openqa.selenium.remote.W3CHandshakeResponse.lambda$new$0(W3CHandshakeResponse.java:57)
at org.openqa.selenium.remote.W3CHandshakeResponse.lambda$getResponseFunction$2(W3CHandshakeResponse.java:104)
at org.openqa.selenium.remote.ProtocolHandshake.lambda$createSession$0(ProtocolHandshake.java:123)
at java.base/java.util.stream.ReferencePipeline$3$1.accept(ReferencePipeline.java:195)
at java.base/java.util.Spliterators$ArraySpliterator.tryAdvance(Spliterators.java:958)
at java.base/java.util.stream.ReferencePipeline.forEachWithCancel(ReferencePipeline.java:127)
at java.base/java.util.stream.AbstractPipeline.copyIntoWithCancel(AbstractPipeline.java:502)
at java.base/java.util.stream.AbstractPipeline.copyInto(AbstractPipeline.java:488)
at java.base/java.util.stream.AbstractPipeline.wrapAndCopyInto(AbstractPipeline.java:474)
at java.base/java.util.stream.FindOps$FindOp.evaluateSequential(FindOps.java:150)
at java.base/java.util.stream.AbstractPipeline.evaluate(AbstractPipeline.java:234)
at java.base/java.util.stream.ReferencePipeline.findFirst(ReferencePipeline.java:543)
at org.openqa.selenium.remote.ProtocolHandshake.createSession(ProtocolHandshake.java:126)
at org.openqa.selenium.remote.ProtocolHandshake.createSession(ProtocolHandshake.java:73)
at org.openqa.selenium.remote.HttpCommandExecutor.execute(HttpCommandExecutor.java:138)
at org.openqa.selenium.remote.service.DriverCommandExecutor.execute(DriverCommandExecutor.java:83)
at org.openqa.selenium.remote.RemoteWebDriver.execute(RemoteWebDriver.java:601)
at org.openqa.selenium.remote.RemoteWebDriver.startSession(RemoteWebDriver.java:219)
at org.openqa.selenium.remote.RemoteWebDriver.<init>(RemoteWebDriver.java:142)
at org.openqa.selenium.chrome.ChromeDriver.<init>(ChromeDriver.java:181)
at org.openqa.selenium.chrome.ChromeDriver.<init>(ChromeDriver.java:168)
at org.openqa.selenium.chrome.ChromeDriver.<init>(ChromeDriver.java:123)
at com.util.WebUIDriver.getDriver(WebUIDriver.java:21)
at com.base.BaseTest.beforeSuite(BaseTest.java:19)
... Removed 23 stack frames]]>
    </failure>
  </testcase> <!-- @BeforeSuite beforeSuite -->
  <testcase classname="com.test.LoginpageTest" name="@BeforeClass beforeClass" time="-1.588033092787E9">
    <skipped/>
  </testcase> <!-- @BeforeClass beforeClass -->
  <testcase classname="com.test.HomepageTest" name="testSlider" time="0.0">
    <skipped/>
  </testcase> <!-- testSlider -->
  <testcase classname="com.test.HomepageTest" name="testloginLink" time="0.0">
    <skipped/>
  </testcase> <!-- testloginLink -->
  <testcase classname="com.test.HomepageTest" name="testsocialLinks" time="0.0">
    <skipped/>
  </testcase> <!-- testsocialLinks -->
  <testcase classname="com.test.LoginpageTest" name="testuserlogin" time="0.0">
    <skipped/>
  </testcase> <!-- testuserlogin -->
  <testcase classname="com.base.BaseTest" name="@BeforeSuite beforeSuite" time="0.0">
    <ignored/>
  </testcase> <!-- @BeforeSuite beforeSuite -->
  <testcase classname="com.base.BaseTest" name="@AfterSuite afterSuite" time="0.0">
    <ignored/>
  </testcase> <!-- @AfterSuite afterSuite -->
</testsuite> <!-- Test -->
