<?xml version="1.0" encoding="UTF-8"?>
<!-- Generated by org.testng.reporters.JUnitReportReporter -->
<testsuite hostname="MSHAH2-WLT" failures="0" tests="4" name="com.test.HomepageTest" time="1.979" errors="1" timestamp="2020-04-27T17:18:12 PDT" skipped="3">
  <testcase classname="com.test.HomepageTest" name="testSlider" time="0.000">
    <skipped/>
  </testcase> <!-- testSlider -->
  <system-out/>
  <testcase classname="com.test.HomepageTest" name="testsocialLinks" time="0.000">
    <skipped/>
  </testcase> <!-- testsocialLinks -->
  <system-out/>
  <testcase classname="com.test.HomepageTest" name="beforeSuite" time="1.979">
    <error message="session not created: This version of ChromeDriver only supports Chrome version 78
Build info: version: &#039;3.10.0&#039;, revision: &#039;176b4a9&#039;, time: &#039;2018-03-02T19:11:12.151Z&#039;
System info: host: &#039;MSHAH2-WLT&#039;, ip: &#039;192.168.29.216&#039;, os.name: &#039;Windows 10&#039;, os.arch: &#039;amd64&#039;, os.version: &#039;10.0&#039;, java.version: &#039;10.0.2&#039;
Driver info: driver.version: WebUIDriver
remote stacktrace: Backtrace:
	Ordinal0 [0x00A0A923+1550627]
	Ordinal0 [0x0098A731+1025841]
	Ordinal0 [0x0090C715+509717]
	Ordinal0 [0x0089FC68+64616]
	Ordinal0 [0x0089C594+50580]
	Ordinal0 [0x008BACE7+175335]
	Ordinal0 [0x008BA8ED+174317]
	Ordinal0 [0x008B8CDB+167131]
	Ordinal0 [0x008A144A+70730]
	Ordinal0 [0x008A24D0+74960]
	Ordinal0 [0x008A2469+74857]
	Ordinal0 [0x009A42F7+1131255]
	GetHandleVerifier [0x00AA711D+523789]
	GetHandleVerifier [0x00AA6EB0+523168]
	GetHandleVerifier [0x00AAE207+552695]
	GetHandleVerifier [0x00AA791A+525834]
	Ordinal0 [0x0099B82C+1095724]
	Ordinal0 [0x009A636B+1139563]
	Ordinal0 [0x009A64D3+1139923]
	Ordinal0 [0x009A5455+1135701]
	BaseThreadInitThunk [0x755E6359+25]
	RtlGetAppContainerNamedObjectPath [0x776D7C14+228]
	RtlGetAppContainerNamedObjectPath [0x776D7BE4+180]
" type="org.openqa.selenium.SessionNotCreatedException">
      <![CDATA[org.openqa.selenium.SessionNotCreatedException: session not created: This version of ChromeDriver only supports Chrome version 78
Build info: version: '3.10.0', revision: '176b4a9', time: '2018-03-02T19:11:12.151Z'
System info: host: 'MSHAH2-WLT', ip: '192.168.29.216', os.name: 'Windows 10', os.arch: 'amd64', os.version: '10.0', java.version: '10.0.2'
Driver info: driver.version: WebUIDriver
remote stacktrace: Backtrace:
Ordinal0 [0x00A0A923+1550627]
Ordinal0 [0x0098A731+1025841]
Ordinal0 [0x0090C715+509717]
Ordinal0 [0x0089FC68+64616]
Ordinal0 [0x0089C594+50580]
Ordinal0 [0x008BACE7+175335]
Ordinal0 [0x008BA8ED+174317]
Ordinal0 [0x008B8CDB+167131]
Ordinal0 [0x008A144A+70730]
Ordinal0 [0x008A24D0+74960]
Ordinal0 [0x008A2469+74857]
Ordinal0 [0x009A42F7+1131255]
GetHandleVerifier [0x00AA711D+523789]
GetHandleVerifier [0x00AA6EB0+523168]
GetHandleVerifier [0x00AAE207+552695]
GetHandleVerifier [0x00AA791A+525834]
Ordinal0 [0x0099B82C+1095724]
Ordinal0 [0x009A636B+1139563]
Ordinal0 [0x009A64D3+1139923]
Ordinal0 [0x009A5455+1135701]
BaseThreadInitThunk [0x755E6359+25]
RtlGetAppContainerNamedObjectPath [0x776D7C14+228]
RtlGetAppContainerNamedObjectPath [0x776D7BE4+180]

at java.base/jdk.internal.reflect.NativeConstructorAccessorImpl.newInstance0(Native Method)
at java.base/jdk.internal.reflect.NativeConstructorAccessorImpl.newInstance(NativeConstructorAccessorImpl.java:62)
at java.base/jdk.internal.reflect.DelegatingConstructorAccessorImpl.newInstance(DelegatingConstructorAccessorImpl.java:45)
at java.base/java.lang.reflect.Constructor.newInstance(Constructor.java:488)
at org.openqa.selenium.remote.W3CHandshakeResponse.lambda$new$0(W3CHandshakeResponse.java:57)
at org.openqa.selenium.remote.W3CHandshakeResponse.lambda$getResponseFunction$2(W3CHandshakeResponse.java:104)
at org.openqa.selenium.remote.ProtocolHandshake.lambda$createSession$0(ProtocolHandshake.java:123)
at java.base/java.util.stream.ReferencePipeline$3$1.accept(ReferencePipeline.java:195)
at java.base/java.util.Spliterators$ArraySpliterator.tryAdvance(Spliterators.java:958)
at java.base/java.util.stream.ReferencePipeline.forEachWithCancel(ReferencePipeline.java:127)
at java.base/java.util.stream.AbstractPipeline.copyIntoWithCancel(AbstractPipeline.java:502)
at java.base/java.util.stream.AbstractPipeline.copyInto(AbstractPipeline.java:488)
at java.base/java.util.stream.AbstractPipeline.wrapAndCopyInto(AbstractPipeline.java:474)
at java.base/java.util.stream.FindOps$FindOp.evaluateSequential(FindOps.java:150)
at java.base/java.util.stream.AbstractPipeline.evaluate(AbstractPipeline.java:234)
at java.base/java.util.stream.ReferencePipeline.findFirst(ReferencePipeline.java:543)
at org.openqa.selenium.remote.ProtocolHandshake.createSession(ProtocolHandshake.java:126)
at org.openqa.selenium.remote.ProtocolHandshake.createSession(ProtocolHandshake.java:73)
at org.openqa.selenium.remote.HttpCommandExecutor.execute(HttpCommandExecutor.java:138)
at org.openqa.selenium.remote.service.DriverCommandExecutor.execute(DriverCommandExecutor.java:83)
at org.openqa.selenium.remote.RemoteWebDriver.execute(RemoteWebDriver.java:601)
at org.openqa.selenium.remote.RemoteWebDriver.startSession(RemoteWebDriver.java:219)
at org.openqa.selenium.remote.RemoteWebDriver.<init>(RemoteWebDriver.java:142)
at org.openqa.selenium.chrome.ChromeDriver.<init>(ChromeDriver.java:181)
at org.openqa.selenium.chrome.ChromeDriver.<init>(ChromeDriver.java:168)
at org.openqa.selenium.chrome.ChromeDriver.<init>(ChromeDriver.java:123)
at com.util.WebUIDriver.getDriver(WebUIDriver.java:21)
at com.base.BaseTest.beforeSuite(BaseTest.java:19)
at java.base/jdk.internal.reflect.NativeMethodAccessorImpl.invoke0(Native Method)
at java.base/jdk.internal.reflect.NativeMethodAccessorImpl.invoke(NativeMethodAccessorImpl.java:62)
at java.base/jdk.internal.reflect.DelegatingMethodAccessorImpl.invoke(DelegatingMethodAccessorImpl.java:43)
at java.base/java.lang.reflect.Method.invoke(Method.java:564)
at org.testng.internal.MethodInvocationHelper.invokeMethod(MethodInvocationHelper.java:135)
at org.testng.internal.MethodInvocationHelper.invokeMethodConsideringTimeout(MethodInvocationHelper.java:64)
at org.testng.internal.ConfigInvoker.invokeConfigurationMethod(ConfigInvoker.java:364)
at org.testng.internal.ConfigInvoker.invokeConfigurations(ConfigInvoker.java:318)
at org.testng.SuiteRunner.privateRun(SuiteRunner.java:327)
at org.testng.SuiteRunner.run(SuiteRunner.java:286)
at org.testng.SuiteRunnerWorker.runSuite(SuiteRunnerWorker.java:53)
at org.testng.SuiteRunnerWorker.run(SuiteRunnerWorker.java:96)
at org.testng.TestNG.runSuitesSequentially(TestNG.java:1214)
at org.testng.TestNG.runSuitesLocally(TestNG.java:1136)
at org.testng.TestNG.runSuites(TestNG.java:1066)
at org.testng.TestNG.run(TestNG.java:1034)
at org.testng.remote.AbstractRemoteTestNG.run(AbstractRemoteTestNG.java:115)
at org.testng.remote.RemoteTestNG.initAndRun(RemoteTestNG.java:251)
at org.testng.remote.RemoteTestNG.main(RemoteTestNG.java:77)
]]>
    </error>
  </testcase> <!-- beforeSuite -->
  <system-out/>
  <testcase classname="com.test.HomepageTest" name="testloginLink" time="0.000">
    <skipped/>
  </testcase> <!-- testloginLink -->
  <system-out/>
</testsuite> <!-- com.test.HomepageTest -->
